<?xml version="1.0" encoding="UTF-8"?>
<testsuite xmlns:xsi="http://www.w3.org/2001/XMLSchema-instance" xsi:noNamespaceSchemaLocation="https://maven.apache.org/surefire/maven-surefire-plugin/xsd/surefire-test-report-3.0.xsd" version="3.0" name="com.frankmoley.lil.security.data.PresidentDAOTest" time="0.104" tests="1" errors="1" skipped="0" failures="0">
  <properties>
    <property name="gopherProxySet" value="false"/>
    <property name="awt.toolkit" value="sun.lwawt.macosx.LWCToolkit"/>
    <property name="java.specification.version" value="11"/>
    <property name="sun.cpu.isalist" value=""/>
    <property name="sun.jnu.encoding" value="UTF-8"/>
    <property name="java.class.path" value="/Users/ibuziuk/git/days-of-learnings/Ex_Files_Secure_Coding_in_Java/Exercise Files/CH01/01_04/01_04_Begin/target/test-classes:/Users/ibuziuk/git/days-of-learnings/Ex_Files_Secure_Coding_in_Java/Exercise Files/CH01/01_04/01_04_Begin/target/classes:/Users/ibuziuk/.m2/repository/com/h2database/h2/1.4.199/h2-1.4.199.jar:/Users/ibuziuk/.m2/repository/junit/junit/4.12/junit-4.12.jar:/Users/ibuziuk/.m2/repository/org/hamcrest/hamcrest-core/1.3/hamcrest-core-1.3.jar:"/>
    <property name="java.vm.vendor" value="Eclipse Adoptium"/>
    <property name="sun.arch.data.model" value="64"/>
    <property name="java.vendor.url" value="https://adoptium.net/"/>
    <property name="user.timezone" value=""/>
    <property name="java.vm.specification.version" value="11"/>
    <property name="os.name" value="Mac OS X"/>
    <property name="sun.java.launcher" value="SUN_STANDARD"/>
    <property name="user.country" value="PL"/>
    <property name="sun.boot.library.path" value="/Users/ibuziuk/.sdkman/candidates/java/11.0.20-tem/lib"/>
    <property name="sun.java.command" value="/Users/ibuziuk/git/days-of-learnings/Ex_Files_Secure_Coding_in_Java/Exercise Files/CH01/01_04/01_04_Begin/target/surefire/surefirebooter-20241108143955624_3.jar /Users/ibuziuk/git/days-of-learnings/Ex_Files_Secure_Coding_in_Java/Exercise Files/CH01/01_04/01_04_Begin/target/surefire 2024-11-08T14-39-55_342-jvmRun1 surefire-20241108143955624_1tmp surefire_0-20241108143955624_2tmp"/>
    <property name="http.nonProxyHosts" value="local|*.local|169.254/16|*.169.254/16"/>
    <property name="jdk.debug" value="release"/>
    <property name="surefire.test.class.path" value="/Users/ibuziuk/git/days-of-learnings/Ex_Files_Secure_Coding_in_Java/Exercise Files/CH01/01_04/01_04_Begin/target/test-classes:/Users/ibuziuk/git/days-of-learnings/Ex_Files_Secure_Coding_in_Java/Exercise Files/CH01/01_04/01_04_Begin/target/classes:/Users/ibuziuk/.m2/repository/com/h2database/h2/1.4.199/h2-1.4.199.jar:/Users/ibuziuk/.m2/repository/junit/junit/4.12/junit-4.12.jar:/Users/ibuziuk/.m2/repository/org/hamcrest/hamcrest-core/1.3/hamcrest-core-1.3.jar:"/>
    <property name="sun.cpu.endian" value="little"/>
    <property name="user.home" value="/Users/ibuziuk"/>
    <property name="user.language" value="en"/>
    <property name="java.specification.vendor" value="Oracle Corporation"/>
    <property name="java.version.date" value="2023-07-18"/>
    <property name="java.home" value="/Users/ibuziuk/.sdkman/candidates/java/11.0.20-tem"/>
    <property name="file.separator" value="/"/>
    <property name="basedir" value="/Users/ibuziuk/git/days-of-learnings/Ex_Files_Secure_Coding_in_Java/Exercise Files/CH01/01_04/01_04_Begin"/>
    <property name="java.vm.compressedOopsMode" value="Zero based"/>
    <property name="line.separator" value="&#10;"/>
    <property name="java.specification.name" value="Java Platform API Specification"/>
    <property name="java.vm.specification.vendor" value="Oracle Corporation"/>
    <property name="java.awt.graphicsenv" value="sun.awt.CGraphicsEnvironment"/>
    <property name="surefire.real.class.path" value="/Users/ibuziuk/git/days-of-learnings/Ex_Files_Secure_Coding_in_Java/Exercise Files/CH01/01_04/01_04_Begin/target/surefire/surefirebooter-20241108143955624_3.jar"/>
    <property name="sun.management.compiler" value="HotSpot 64-Bit Tiered Compilers"/>
    <property name="ftp.nonProxyHosts" value="local|*.local|169.254/16|*.169.254/16"/>
    <property name="java.runtime.version" value="11.0.20+8"/>
    <property name="user.name" value="ibuziuk"/>
    <property name="path.separator" value=":"/>
    <property name="os.version" value="15.0.1"/>
    <property name="java.runtime.name" value="OpenJDK Runtime Environment"/>
    <property name="file.encoding" value="UTF-8"/>
    <property name="java.vm.name" value="OpenJDK 64-Bit Server VM"/>
    <property name="java.vendor.version" value="Temurin-11.0.20+8"/>
    <property name="localRepository" value="/Users/ibuziuk/.m2/repository"/>
    <property name="java.vendor.url.bug" value="https://github.com/adoptium/adoptium-support/issues"/>
    <property name="java.io.tmpdir" value="/var/folders/87/t16qbhjd6sn7cz51_g716sh40000gn/T/"/>
    <property name="java.version" value="11.0.20"/>
    <property name="user.dir" value="/Users/ibuziuk/git/days-of-learnings/Ex_Files_Secure_Coding_in_Java/Exercise Files/CH01/01_04/01_04_Begin"/>
    <property name="os.arch" value="aarch64"/>
    <property name="java.vm.specification.name" value="Java Virtual Machine Specification"/>
    <property name="java.awt.printerjob" value="sun.lwawt.macosx.CPrinterJob"/>
    <property name="sun.os.patch.level" value="unknown"/>
    <property name="java.library.path" value="/Users/ibuziuk/Library/Java/Extensions:/Library/Java/Extensions:/Network/Library/Java/Extensions:/System/Library/Java/Extensions:/usr/lib/java:."/>
    <property name="java.vm.info" value="mixed mode"/>
    <property name="java.vendor" value="Eclipse Adoptium"/>
    <property name="java.vm.version" value="11.0.20+8"/>
    <property name="java.specification.maintenance.version" value="2"/>
    <property name="sun.io.unicode.encoding" value="UnicodeBig"/>
    <property name="java.class.version" value="55.0"/>
    <property name="socksNonProxyHosts" value="local|*.local|169.254/16|*.169.254/16"/>
  </properties>
  <testcase name="" classname="com.frankmoley.lil.security.data.PresidentDAOTest" time="0.102">
    <error message="/Users/ibuziuk/git/days-of-learnings/Ex_Files_Secure_Coding_in_Java/Exercise%20Files/CH01/01_04/01_04_Begin/target/classes/sql/schema.sql (No such file or directory)" type="java.io.FileNotFoundException"><![CDATA[java.io.FileNotFoundException: /Users/ibuziuk/git/days-of-learnings/Ex_Files_Secure_Coding_in_Java/Exercise%20Files/CH01/01_04/01_04_Begin/target/classes/sql/schema.sql (No such file or directory)
	at java.base/java.io.FileInputStream.open0(Native Method)
	at java.base/java.io.FileInputStream.open(FileInputStream.java:219)
	at java.base/java.io.FileInputStream.<init>(FileInputStream.java:157)
	at java.base/java.io.FileReader.<init>(FileReader.java:75)
	at com.frankmoley.lil.security.util.DatabaseUtil.loadFile(DatabaseUtil.java:34)
	at com.frankmoley.lil.security.data.PresidentDAOTest.setUp(PresidentDAOTest.java:16)
	at java.base/jdk.internal.reflect.NativeMethodAccessorImpl.invoke0(Native Method)
	at java.base/jdk.internal.reflect.NativeMethodAccessorImpl.invoke(NativeMethodAccessorImpl.java:62)
	at java.base/jdk.internal.reflect.DelegatingMethodAccessorImpl.invoke(DelegatingMethodAccessorImpl.java:43)
	at java.base/java.lang.reflect.Method.invoke(Method.java:566)
	at org.junit.runners.model.FrameworkMethod$1.runReflectiveCall(FrameworkMethod.java:50)
	at org.junit.internal.runners.model.ReflectiveCallable.run(ReflectiveCallable.java:12)
	at org.junit.runners.model.FrameworkMethod.invokeExplosively(FrameworkMethod.java:47)
	at org.junit.internal.runners.statements.RunBefores.evaluate(RunBefores.java:24)
	at org.junit.runners.ParentRunner.run(ParentRunner.java:363)
	at org.apache.maven.surefire.junit4.JUnit4Provider.execute(JUnit4Provider.java:316)
	at org.apache.maven.surefire.junit4.JUnit4Provider.executeWithRerun(JUnit4Provider.java:240)
	at org.apache.maven.surefire.junit4.JUnit4Provider.executeTestSet(JUnit4Provider.java:214)
	at org.apache.maven.surefire.junit4.JUnit4Provider.invoke(JUnit4Provider.java:155)
	at org.apache.maven.surefire.booter.ForkedBooter.runSuitesInProcess(ForkedBooter.java:385)
	at org.apache.maven.surefire.booter.ForkedBooter.execute(ForkedBooter.java:162)
	at org.apache.maven.surefire.booter.ForkedBooter.run(ForkedBooter.java:507)
	at org.apache.maven.surefire.booter.ForkedBooter.main(ForkedBooter.java:495)
]]></error>
  </testcase>
</testsuite>